<?xml version="1.0" encoding="UTF-8"?>
<!-- Generated by org.testng.reporters.JUnitReportReporter -->
<testsuite hostname="Varun-pc" failures="0" tests="5" name="login.Testn" time="6.947" errors="0" timestamp="2022-03-26T21:12:16 EDT" skipped="0">
  <testcase classname="login.Testn" name="typeyname" time="0.357"/>
  <system-out/>
  <testcase classname="login.Testn" name="email" time="0.639"/>
  <system-out/>
  <testcase classname="login.Testn" name="password" time="0.342"/>
  <system-out/>
  <testcase classname="login.Testn" name="cpassword" time="0.342"/>
  <system-out/>
  <testcase classname="login.Testn" name="button" time="5.267"/>
  <system-out/>
</testsuite> <!-- login.Testn -->
